Flow report for counterPlusRegister
Sat Mar 11 20:51:48 2023
Quartus Prime Version 19.1.0 Build 670 09/22/2019 SJ Lite Edition


---------------------
; Table of Contents ;
---------------------
  1. Legal Notice
  2. Flow Summary
  3. Flow Settings
  4. Flow Non-Default Global Settings
  5. Flow Elapsed Time
  6. Flow OS Summary
  7. Flow Log
  8. Flow Messages
  9. Flow Suppressed Messages



----------------
; Legal Notice ;
----------------
Copyright (C) 2019  Intel Corporation. All rights reserved.
Your use of Intel Corporation's design tools, logic functions 
and other software and tools, and any partner logic 
functions, and any output files from any of the foregoing 
(including device programming or simulation files), and any 
associated documentation or information are expressly subject 
to the terms and conditions of the Intel Program License 
Subscription Agreement, the Intel Quartus Prime License Agreement,
the Intel FPGA IP License Agreement, or other applicable license
agreement, including, without limitation, that your use is for
the sole purpose of programming logic devices manufactured by
Intel and sold by Intel or its authorized distributors.  Please
refer to the applicable agreement for further details, at
https://fpgasoftware.intel.com/eula.



+-------------------------------------------------------------------------------+
; Flow Summary                                                                  ;
+---------------------------------+---------------------------------------------+
; Flow Status                     ; Successful - Sat Mar 11 20:51:48 2023       ;
; Quartus Prime Version           ; 19.1.0 Build 670 09/22/2019 SJ Lite Edition ;
; Revision Name                   ; counterPlusRegister                         ;
; Top-level Entity Name           ; counterPlusRegister                         ;
; Family                          ; Cyclone V                                   ;
; Device                          ; 5CGXFC7C7F23C8                              ;
; Timing Models                   ; Final                                       ;
; Logic utilization (in ALMs)     ; 10 / 56,480 ( < 1 % )                       ;
; Total registers                 ; 19                                          ;
; Total pins                      ; 6 / 268 ( 2 % )                             ;
; Total virtual pins              ; 0                                           ;
; Total block memory bits         ; 0 / 7,024,640 ( 0 % )                       ;
; Total DSP Blocks                ; 0 / 156 ( 0 % )                             ;
; Total HSSI RX PCSs              ; 0 / 6 ( 0 % )                               ;
; Total HSSI PMA RX Deserializers ; 0 / 6 ( 0 % )                               ;
; Total HSSI TX PCSs              ; 0 / 6 ( 0 % )                               ;
; Total HSSI PMA TX Serializers   ; 0 / 6 ( 0 % )                               ;
; Total PLLs                      ; 0 / 13 ( 0 % )                              ;
; Total DLLs                      ; 0 / 4 ( 0 % )                               ;
+---------------------------------+---------------------------------------------+


+-----------------------------------------+
; Flow Settings                           ;
+-------------------+---------------------+
; Option            ; Setting             ;
+-------------------+---------------------+
; Start date & time ; 03/11/2023 20:51:12 ;
; Main task         ; Compilation         ;
; Revision Name     ; counterPlusRegister ;
+-------------------+---------------------+


+--------------------------------------------------------------------------------------------------------------------------------------+
; Flow Non-Default Global Settings                                                                                                     ;
+--------------------------------------+----------------------------------------+---------------+-------------+------------------------+
; Assignment Name                      ; Value                                  ; Default Value ; Entity Name ; Section Id             ;
+--------------------------------------+----------------------------------------+---------------+-------------+------------------------+
; COMPILER_SIGNATURE_ID                ; 4681953599930.167853907126500          ; --            ; --          ; --                     ;
; EDA_DESIGN_INSTANCE_NAME             ; NA                                     ; --            ; --          ; counterPlusRegister_tb ;
; EDA_NATIVELINK_SIMULATION_TEST_BENCH ; counterPlusRegister_tb                 ; --            ; --          ; eda_simulation         ;
; EDA_OUTPUT_DATA_FORMAT               ; Systemverilog Hdl                      ; --            ; --          ; eda_simulation         ;
; EDA_SIMULATION_TOOL                  ; ModelSim-Altera (SystemVerilog)        ; <None>        ; --          ; --                     ;
; EDA_TEST_BENCH_ENABLE_STATUS         ; TEST_BENCH_MODE                        ; --            ; --          ; eda_simulation         ;
; EDA_TEST_BENCH_FILE                  ; counterPlusRegister_tb.sv              ; --            ; --          ; counterPlusRegister_tb ;
; EDA_TEST_BENCH_MODULE_NAME           ; counterPlusRegister_tb                 ; --            ; --          ; counterPlusRegister_tb ;
; EDA_TEST_BENCH_NAME                  ; counterPlusRegister_tb                 ; --            ; --          ; eda_simulation         ;
; EDA_TIME_SCALE                       ; 1 ps                                   ; --            ; --          ; eda_simulation         ;
; MAX_CORE_JUNCTION_TEMP               ; 85                                     ; --            ; --          ; --                     ;
; MIN_CORE_JUNCTION_TEMP               ; 0                                      ; --            ; --          ; --                     ;
; PARTITION_COLOR                      ; -- (Not supported for targeted family) ; --            ; --          ; Top                    ;
; PARTITION_FITTER_PRESERVATION_LEVEL  ; -- (Not supported for targeted family) ; --            ; --          ; Top                    ;
; PARTITION_NETLIST_TYPE               ; -- (Not supported for targeted family) ; --            ; --          ; Top                    ;
; POWER_BOARD_THERMAL_MODEL            ; None (CONSERVATIVE)                    ; --            ; --          ; --                     ;
; POWER_PRESET_COOLING_SOLUTION        ; 23 MM HEAT SINK WITH 200 LFPM AIRFLOW  ; --            ; --          ; --                     ;
; PROJECT_OUTPUT_DIRECTORY             ; output_files                           ; --            ; --          ; --                     ;
+--------------------------------------+----------------------------------------+---------------+-------------+------------------------+


+--------------------------------------------------------------------------------------------------------------------------+
; Flow Elapsed Time                                                                                                        ;
+----------------------+--------------+-------------------------+---------------------+------------------------------------+
; Module Name          ; Elapsed Time ; Average Processors Used ; Peak Virtual Memory ; Total CPU Time (on all processors) ;
+----------------------+--------------+-------------------------+---------------------+------------------------------------+
; Analysis & Synthesis ; 00:00:05     ; 1.0                     ; 4883 MB             ; 00:00:03                           ;
; Fitter               ; 00:00:21     ; 1.0                     ; 7456 MB             ; 00:00:19                           ;
; Assembler            ; 00:00:03     ; 1.0                     ; 4833 MB             ; 00:00:00                           ;
; Timing Analyzer      ; 00:00:03     ; 1.1                     ; 5244 MB             ; 00:00:00                           ;
; EDA Netlist Writer   ; 00:00:00     ; 1.0                     ; 4728 MB             ; 00:00:00                           ;
; Total                ; 00:00:32     ; --                      ; --                  ; 00:00:22                           ;
+----------------------+--------------+-------------------------+---------------------+------------------------------------+


+------------------------------------------------------------------------------------+
; Flow OS Summary                                                                    ;
+----------------------+------------------+------------+------------+----------------+
; Module Name          ; Machine Hostname ; OS Name    ; OS Version ; Processor type ;
+----------------------+------------------+------------+------------+----------------+
; Analysis & Synthesis ; GordonPC         ; Windows 10 ; 10.0       ; x86_64         ;
; Fitter               ; GordonPC         ; Windows 10 ; 10.0       ; x86_64         ;
; Assembler            ; GordonPC         ; Windows 10 ; 10.0       ; x86_64         ;
; Timing Analyzer      ; GordonPC         ; Windows 10 ; 10.0       ; x86_64         ;
; EDA Netlist Writer   ; GordonPC         ; Windows 10 ; 10.0       ; x86_64         ;
+----------------------+------------------+------------+------------+----------------+


------------
; Flow Log ;
------------
quartus_map --read_settings_files=on --write_settings_files=off counterPlusRegister -c counterPlusRegister
quartus_fit --read_settings_files=off --write_settings_files=off counterPlusRegister -c counterPlusRegister
quartus_asm --read_settings_files=off --write_settings_files=off counterPlusRegister -c counterPlusRegister
quartus_sta counterPlusRegister -c counterPlusRegister
quartus_eda --read_settings_files=off --write_settings_files=off counterPlusRegister -c counterPlusRegister



